CPW/app/build/outputs/logs/manifest-merger-debug-report.txt
-- Merging decision tree log ---
manifest
ADDED from src\main\AndroidManifest.xml:2:1-29:12
INJECTED from src\main\AndroidManifest.xml:2:1-29:12
INJECTED from src\main\AndroidManifest.xml:2:1-29:12
INJECTED from src\main\AndroidManifest.xml:2:1-29:12
MERGED from [com.android.support:design:26.0.0] AndroidManifest.xml:17:1-31:12
MERGED from [com.android.support:appcompat-v7:26.0.0] AndroidManifest.xml:17:1-31:12
MERGED from [com.android.support.constraint:constraint-layout:1.0.2] AndroidManifest.xml:2:1-11:12
MERGED from [com.android.support:multidex:1.0.1] AndroidManifest.xml:16:1-19:12
MERGED from [com.android.support:transition:26.0.0] AndroidManifest.xml:17:1-28:12
MERGED from [com.android.support:support-v4:26.0.0] AndroidManifest.xml:17:1-31:12
MERGED from [com.android.support:recyclerview-v7:26.0.0] AndroidManifest.xml:17:1-28:12
MERGED from [com.android.support:animated-vector-drawable:26.0.0] AndroidManifest.xml:17:1-28:12
MERGED from [com.android.support:support-vector-drawable:26.0.0] AndroidManifest.xml:17:1-28:12
MERGED from [com.android.support:support-media-compat:26.0.0] AndroidManifest.xml:17:1-31:12
MERGED from [com.android.support:support-fragment:26.0.0] AndroidManifest.xml:17:1-31:12
MERGED from [com.android.support:support-core-utils:26.0.0] AndroidManifest.xml:17:1-31:12
MERGED from [com.android.support:support-core-ui:26.0.0] AndroidManifest.xml:17:1-31:12
MERGED from [com.android.support:support-compat:26.0.0] AndroidManifest.xml:17:1-31:12
INJECTED from src\main\AndroidManifest.xml:2:1-29:12
INJECTED from src\main\AndroidManifest.xml:2:1-29:12
INJECTED from src\main\AndroidManifest.xml:2:1-29:12
	package
		ADDED from src\main\AndroidManifest.xml:3:5-35
		INJECTED from src\main\AndroidManifest.xml
		INJECTED from src\main\AndroidManifest.xml
	android:versionName
		INJECTED from src\main\AndroidManifest.xml
		ADDED from src\main\AndroidManifest.xml:2:1-29:12
		INJECTED from src\main\AndroidManifest.xml
	android:versionCode
		INJECTED from src\main\AndroidManifest.xml
		ADDED from src\main\AndroidManifest.xml:2:1-29:12
		INJECTED from src\main\AndroidManifest.xml
	xmlns:android
		ADDED from src\main\AndroidManifest.xml:2:11-69
uses-sdk
ADDED from src\main\AndroidManifest.xml:5:5-7:41
INJECTED from src\main\AndroidManifest.xml:5:5-7:41
INJECTED from src\main\AndroidManifest.xml:5:5-7:41
MERGED from [com.android.support:design:26.0.0] AndroidManifest.xml:21:5-23:62
MERGED from [com.android.support:design:26.0.0] AndroidManifest.xml:21:5-23:62
MERGED from [com.android.support:appcompat-v7:26.0.0] AndroidManifest.xml:21:5-23:78
MERGED from [com.android.support:appcompat-v7:26.0.0] AndroidManifest.xml:21:5-23:78
MERGED from [com.android.support.constraint:constraint-layout:1.0.2] AndroidManifest.xml:5:5-7:41
MERGED from [com.android.support.constraint:constraint-layout:1.0.2] AndroidManifest.xml:5:5-7:41
MERGED from [com.android.support:multidex:1.0.1] AndroidManifest.xml:18:5-42
MERGED from [com.android.support:multidex:1.0.1] AndroidManifest.xml:18:5-42
MERGED from [com.android.support:transition:26.0.0] AndroidManifest.xml:20:5-44
MERGED from [com.android.support:transition:26.0.0] AndroidManifest.xml:20:5-44
MERGED from [com.android.support:support-v4:26.0.0] AndroidManifest.xml:21:5-23:54
MERGED from [com.android.support:support-v4:26.0.0] AndroidManifest.xml:21:5-23:54
MERGED from [com.android.support:recyclerview-v7:26.0.0] AndroidManifest.xml:20:5-44
MERGED from [com.android.support:recyclerview-v7:26.0.0] AndroidManifest.xml:20:5-44
MERGED from [com.android.support:animated-vector-drawable:26.0.0] AndroidManifest.xml:20:5-44
MERGED from [com.android.support:animated-vector-drawable:26.0.0] AndroidManifest.xml:20:5-44
MERGED from [com.android.support:support-vector-drawable:26.0.0] AndroidManifest.xml:20:5-44
MERGED from [com.android.support:support-vector-drawable:26.0.0] AndroidManifest.xml:20:5-44
MERGED from [com.android.support:support-media-compat:26.0.0] AndroidManifest.xml:21:5-23:63
MERGED from [com.android.support:support-media-compat:26.0.0] AndroidManifest.xml:21:5-23:63
MERGED from [com.android.support:support-fragment:26.0.0] AndroidManifest.xml:21:5-23:60
MERGED from [com.android.support:support-fragment:26.0.0] AndroidManifest.xml:21:5-23:60
MERGED from [com.android.support:support-core-utils:26.0.0] AndroidManifest.xml:21:5-23:61
MERGED from [com.android.support:support-core-utils:26.0.0] AndroidManifest.xml:21:5-23:61
MERGED from [com.android.support:support-core-ui:26.0.0] AndroidManifest.xml:21:5-23:58
MERGED from [com.android.support:support-core-ui:26.0.0] AndroidManifest.xml:21:5-23:58
MERGED from [com.android.support:support-compat:26.0.0] AndroidManifest.xml:21:5-23:58
MERGED from [com.android.support:support-compat:26.0.0] AndroidManifest.xml:21:5-23:58
INJECTED from src\main\AndroidManifest.xml:5:5-7:41
INJECTED from src\main\AndroidManifest.xml:5:5-7:41
	tools:overrideLibrary
		ADDED from [com.android.support:design:26.0.0] AndroidManifest.xml:23:9-59
	android:targetSdkVersion
		ADDED from src\main\AndroidManifest.xml:7:9-38
		INJECTED from src\main\AndroidManifest.xml
		INJECTED from src\main\AndroidManifest.xml
	android:minSdkVersion
		ADDED from src\main\AndroidManifest.xml:6:9-35
		INJECTED from src\main\AndroidManifest.xml
		INJECTED from src\main\AndroidManifest.xml
uses-permission#android.permission.WRITE_EXTERNAL_STORAGE
ADDED from src\main\AndroidManifest.xml:9:5-81
	android:name
		ADDED from src\main\AndroidManifest.xml:9:22-78
uses-permission#android.permission.READ_PHONE_STATE
ADDED from src\main\AndroidManifest.xml:10:5-75
	android:name
		ADDED from src\main\AndroidManifest.xml:10:22-72
uses-permission#android.permission.READ_EXTERNAL_STORAGE
ADDED from src\main\AndroidManifest.xml:11:5-80
	android:name
		ADDED from src\main\AndroidManifest.xml:11:22-77
application
ADDED from src\main\AndroidManifest.xml:13:5-27:19
MERGED from [com.android.support:design:26.0.0] AndroidManifest.xml:25:5-29:19
MERGED from [com.android.support:design:26.0.0] AndroidManifest.xml:25:5-29:19
MERGED from [com.android.support:appcompat-v7:26.0.0] AndroidManifest.xml:25:5-29:19
MERGED from [com.android.support:appcompat-v7:26.0.0] AndroidManifest.xml:25:5-29:19
MERGED from [com.android.support.constraint:constraint-layout:1.0.2] AndroidManifest.xml:9:5-20
MERGED from [com.android.support.constraint:constraint-layout:1.0.2] AndroidManifest.xml:9:5-20
MERGED from [com.android.support:transition:26.0.0] AndroidManifest.xml:22:5-26:19
MERGED from [com.android.support:transition:26.0.0] AndroidManifest.xml:22:5-26:19
MERGED from [com.android.support:support-v4:26.0.0] AndroidManifest.xml:25:5-29:19
MERGED from [com.android.support:support-v4:26.0.0] AndroidManifest.xml:25:5-29:19
MERGED from [com.android.support:recyclerview-v7:26.0.0] AndroidManifest.xml:22:5-26:19
MERGED from [com.android.support:recyclerview-v7:26.0.0] AndroidManifest.xml:22:5-26:19
MERGED from [com.android.support:animated-vector-drawable:26.0.0] AndroidManifest.xml:22:5-26:19
MERGED from [com.android.support:animated-vector-drawable:26.0.0] AndroidManifest.xml:22:5-26:19
MERGED from [com.android.support:support-vector-drawable:26.0.0] AndroidManifest.xml:22:5-26:19
MERGED from [com.android.support:support-vector-drawable:26.0.0] AndroidManifest.xml:22:5-26:19
MERGED from [com.android.support:support-media-compat:26.0.0] AndroidManifest.xml:25:5-29:19
MERGED from [com.android.support:support-media-compat:26.0.0] AndroidManifest.xml:25:5-29:19
MERGED from [com.android.support:support-fragment:26.0.0] AndroidManifest.xml:25:5-29:19
MERGED from [com.android.support:support-fragment:26.0.0] AndroidManifest.xml:25:5-29:19
MERGED from [com.android.support:support-core-utils:26.0.0] AndroidManifest.xml:25:5-29:19
MERGED from [com.android.support:support-core-utils:26.0.0] AndroidManifest.xml:25:5-29:19
MERGED from [com.android.support:support-core-ui:26.0.0] AndroidManifest.xml:25:5-29:19
MERGED from [com.android.support:support-core-ui:26.0.0] AndroidManifest.xml:25:5-29:19
MERGED from [com.android.support:support-compat:26.0.0] AndroidManifest.xml:25:5-29:19
MERGED from [com.android.support:support-compat:26.0.0] AndroidManifest.xml:25:5-29:19
	android:supportsRtl
		ADDED from src\main\AndroidManifest.xml:18:9-35
	android:label
		ADDED from src\main\AndroidManifest.xml:16:9-41
	android:roundIcon
		ADDED from src\main\AndroidManifest.xml:17:9-54
	android:icon
		ADDED from src\main\AndroidManifest.xml:15:9-43
	android:allowBackup
		ADDED from src\main\AndroidManifest.xml:14:9-35
	android:theme
		ADDED from src\main\AndroidManifest.xml:19:9-40
activity#cpnv.com.accueil_cpw.MainActivity
ADDED from src\main\AndroidManifest.xml:20:9-25:20
	android:name
		ADDED from src\main\AndroidManifest.xml:20:19-47
intent-filter#android.intent.action.MAIN+android.intent.category.LAUNCHER
ADDED from src\main\AndroidManifest.xml:21:13-24:29
action#android.intent.action.MAIN
ADDED from src\main\AndroidManifest.xml:22:17-69
	android:name
		ADDED from src\main\AndroidManifest.xml:22:25-66
category#android.intent.category.LAUNCHER
ADDED from src\main\AndroidManifest.xml:23:17-77
	android:name
		ADDED from src\main\AndroidManifest.xml:23:27-74
activity#cpnv.com.accueil_cpw.EditActivity
ADDED from src\main\AndroidManifest.xml:26:9-59
	android:name
		ADDED from src\main\AndroidManifest.xml:26:19-47
meta-data#android.support.VERSION
ADDED from [com.android.support:design:26.0.0] AndroidManifest.xml:26:9-28:38
MERGED from [com.android.support:appcompat-v7:26.0.0] AndroidManifest.xml:26:9-28:38
MERGED from [com.android.support:appcompat-v7:26.0.0] AndroidManifest.xml:26:9-28:38
MERGED from [com.android.support:transition:26.0.0] AndroidManifest.xml:23:9-25:38
MERGED from [com.android.support:transition:26.0.0] AndroidManifest.xml:23:9-25:38
MERGED from [com.android.support:support-v4:26.0.0] AndroidManifest.xml:26:9-28:38
MERGED from [com.android.support:support-v4:26.0.0] AndroidManifest.xml:26:9-28:38
MERGED from [com.android.support:recyclerview-v7:26.0.0] AndroidManifest.xml:23:9-25:38
MERGED from [com.android.support:recyclerview-v7:26.0.0] AndroidManifest.xml:23:9-25:38
MERGED from [com.android.support:animated-vector-drawable:26.0.0] AndroidManifest.xml:23:9-25:38
MERGED from [com.android.support:animated-vector-drawable:26.0.0] AndroidManifest.xml:23:9-25:38
MERGED from [com.android.support:support-vector-drawable:26.0.0] AndroidManifest.xml:23:9-25:38
MERGED from [com.android.support:support-vector-drawable:26.0.0] AndroidManifest.xml:23:9-25:38
MERGED from [com.android.support:support-media-compat:26.0.0] AndroidManifest.xml:26:9-28:38
MERGED from [com.android.support:support-media-compat:26.0.0] AndroidManifest.xml:26:9-28:38
MERGED from [com.android.support:support-fragment:26.0.0] AndroidManifest.xml:26:9-28:38
MERGED from [com.android.support:support-fragment:26.0.0] AndroidManifest.xml:26:9-28:38
MERGED from [com.android.support:support-core-utils:26.0.0] AndroidManifest.xml:26:9-28:38
MERGED from [com.android.support:support-core-utils:26.0.0] AndroidManifest.xml:26:9-28:38
MERGED from [com.android.support:support-core-ui:26.0.0] AndroidManifest.xml:26:9-28:38
MERGED from [com.android.support:support-core-ui:26.0.0] AndroidManifest.xml:26:9-28:38
MERGED from [com.android.support:support-compat:26.0.0] AndroidManifest.xml:26:9-28:38
MERGED from [com.android.support:support-compat:26.0.0] AndroidManifest.xml:26:9-28:38
	android:value
		ADDED from [com.android.support:design:26.0.0] AndroidManifest.xml:28:13-35
	android:name
		ADDED from [com.android.support:design:26.0.0] AndroidManifest.xml:27:13-51